0 info it worked if it ends with ok
1 verbose cli [ 'E:\\SetupDir\\NodeJs\\node.exe',
1 verbose cli   'C:\\Users\\Rocher\\AppData\\Roaming\\npm\\node_modules\\cnpm\\node_modules\\npm\\bin\\npm-cli.js',
1 verbose cli   '--userconfig=C:\\Users\\Rocher\\.cnpmrc',
1 verbose cli   '--disturl=https://npm.taobao.org/mirrors/node',
1 verbose cli   '--registry=https://registry.npm.taobao.org',
1 verbose cli   'run',
1 verbose cli   'docs:build' ]
2 info using npm@3.10.10
3 info using node@v10.2.0
4 verbose stack Error: ENOENT: no such file or directory, open 'E:\WEB\SoftExam\package.json'
5 verbose cwd E:\WEB\SoftExam
6 error Windows_NT 10.0.15063
7 error argv "E:\\SetupDir\\NodeJs\\node.exe" "C:\\Users\\Rocher\\AppData\\Roaming\\npm\\node_modules\\cnpm\\node_modules\\npm\\bin\\npm-cli.js" "--userconfig=C:\\Users\\Rocher\\.cnpmrc" "--disturl=https://npm.taobao.org/mirrors/node" "--registry=https://registry.npm.taobao.org" "run" "docs:build"
8 error node v10.2.0
9 error npm  v3.10.10
10 error path E:\WEB\SoftExam\package.json
11 error code ENOENT
12 error errno -4058
13 error syscall open
14 error enoent ENOENT: no such file or directory, open 'E:\WEB\SoftExam\package.json'
15 error enoent ENOENT: no such file or directory, open 'E:\WEB\SoftExam\package.json'
15 error enoent This is most likely not a problem with npm itself
15 error enoent and is related to npm not being able to find a file.
16 verbose exit [ -4058, true ]
